<?xml version="1.0" encoding="UTF-8"?>
<!-- Generated by org.testng.reporters.JUnitReportReporter -->
<testsuite hostname="Shivi" failures="0" tests="2" name="CheckingModules.Testclass" time="34.116" errors="0" timestamp="2024-07-21T20:27:51 IST" skipped="0">
  <testcase classname="CheckingModules.Testclass" name="firstTest" time="20.704"/>
  <testcase classname="CheckingModules.Testclass" name="test2" time="13.412"/>
</testsuite> <!-- CheckingModules.Testclass -->
